Wed Sep 20 2023 22:3:1 } [UMS] error: 
Invalid `prisma.student.create()` invocation:

{
  data: {
    studentId: "300200012",
    firstName: "Fahim",
    lastName: "Abedin",
    middleName: "Firoz",
    email: "usery587779@gmail.com",
    contactNo: "user_5888798",
    gender: "male",
    bloodGroup: "O+",
    academicSemesterId: "7d414d29-4de7-495c-bee0-9a1aa213753e",
    academicDepartmentId: "1a24b3ba-81d2-4efb-ba4d-6ec6fb84fd1d",
    academicFacultyId: "c2653b6b-3095-4fa6-a4d2-2157afff3d20",
+   profileImage: String
  },
  include: {
    academicFaculty: true,
    academicDepartment: true,
    academicSemester: true
  }
}

Argument `profileImage` is missing.
